This file contains any messages produced by compilers while
running configure, to aid debugging if configure makes a mistake.

It was created by Uintah configure 2.6, which was
generated by GNU Autoconf 2.69.  Invocation command line was

  $ ../src/configure --enable-optimize --enable-mpm --with-mpi=/usr/lib/x86_64-linux-gnu/openmpi --with-petsc=/usr/lib/petscdir/petsc3.15 --without-fortran

## --------- ##
## Platform. ##
## --------- ##

hostname = DESKTOP-BDCH3KU
uname -m = x86_64
uname -r = 5.10.16.3-microsoft-standard-WSL2
uname -s = Linux
uname -v = #1 SMP Fri Apr 2 22:23:49 UTC 2021

/usr/bin/uname -p = x86_64
/bin/uname -X     = unknown

/bin/arch              = x86_64
/usr/bin/arch -k       = unknown
/usr/convex/getsysinfo = unknown
/usr/bin/hostinfo      = unknown
/bin/machine           = unknown
/usr/bin/oslevel       = unknown
/bin/universe          = unknown

PATH: /home/jwei34/.vscode-server/bin/019f4d1419fbc8219a181fab7892ebccf7ee29a2/bin/remote-cli
PATH: /usr/local/sbin
PATH: /usr/local/bin
PATH: /usr/sbin
PATH: /usr/bin
PATH: /sbin
PATH: /bin
PATH: /usr/games
PATH: /usr/local/games
PATH: /usr/lib/wsl/lib
PATH: /mnt/c/Windows/system32
PATH: /mnt/c/Windows
PATH: /mnt/c/Windows/System32/Wbem
PATH: /mnt/c/Windows/System32/WindowsPowerShell/v1.0/
PATH: /mnt/c/Windows/System32/OpenSSH/
PATH: /mnt/c/Program Files/MATLAB/R2023b/bin
PATH: /mnt/c/Users/weiji/AppData/Local/Microsoft/WindowsApps
PATH: /mnt/c/Users/weiji/AppData/Local/Programs/Microsoft VS Code/bin
PATH: /snap/bin


## ----------- ##
## Core tests. ##
## ----------- ##

configure:3031: checking build system type
configure:3045: result: x86_64-pc-linux-gnu
configure:3065: checking host system type
configure:3078: result: x86_64-pc-linux-gnu
configure:6317: checking for OS version 2.2.17
configure:6358: result: yes (5.10.16.32)
configure:6388: checking physical processor count
configure:6393: result:      16
configure:6410: WARNING: You did not specify which compiler to use so we will search for the default...
configure:6469: checking for gcc
configure:6485: found /usr/bin/gcc
configure:6496: result: gcc
configure:6527: checking for C compiler version
configure:6536: gcc --version >&5
gcc (Ubuntu 11.4.0-1ubuntu1~22.04) 11.4.0
Copyright (C) 2021 Free Software Foundation, Inc.
This is free software; see the source for copying conditions.  There is NO
warranty; not even for MERCHANTABILITY or FITNESS FOR A PARTICULAR PURPOSE.

configure:6547: $? = 0
configure:6536: gcc -v >&5
Using built-in specs.
COLLECT_GCC=gcc
COLLECT_LTO_WRAPPER=/usr/lib/gcc/x86_64-linux-gnu/11/lto-wrapper
OFFLOAD_TARGET_NAMES=nvptx-none:amdgcn-amdhsa
OFFLOAD_TARGET_DEFAULT=1
Target: x86_64-linux-gnu
Configured with: ../src/configure -v --with-pkgversion='Ubuntu 11.4.0-1ubuntu1~22.04' --with-bugurl=file:///usr/share/doc/gcc-11/README.Bugs --enable-languages=c,ada,c++,go,brig,d,fortran,objc,obj-c++,m2 --prefix=/usr --with-gcc-major-version-only --program-suffix=-11 --program-prefix=x86_64-linux-gnu- --enable-shared --enable-linker-build-id --libexecdir=/usr/lib --without-included-gettext --enable-threads=posix --libdir=/usr/lib --enable-nls --enable-bootstrap --enable-clocale=gnu --enable-libstdcxx-debug --enable-libstdcxx-time=yes --with-default-libstdcxx-abi=new --enable-gnu-unique-object --disable-vtable-verify --enable-plugin --enable-default-pie --with-system-zlib --enable-libphobos-checking=release --with-target-system-zlib=auto --enable-objc-gc=auto --enable-multiarch --disable-werror --enable-cet --with-arch-32=i686 --with-abi=m64 --with-multilib-list=m32,m64,mx32 --enable-multilib --with-tune=generic --enable-offload-targets=nvptx-none=/build/gcc-11-XeT9lY/gcc-11-11.4.0/debian/tmp-nvptx/usr,amdgcn-amdhsa=/build/gcc-11-XeT9lY/gcc-11-11.4.0/debian/tmp-gcn/usr --without-cuda-driver --enable-checking=release --build=x86_64-linux-gnu --host=x86_64-linux-gnu --target=x86_64-linux-gnu --with-build-config=bootstrap-lto-lean --enable-link-serialization=2
Thread model: posix
Supported LTO compression algorithms: zlib zstd
gcc version 11.4.0 (Ubuntu 11.4.0-1ubuntu1~22.04) 
... rest of stderr output deleted ...
configure:6547: $? = 0
configure:6536: gcc -V >&5
gcc: error: unrecognized command-line option '-V'
gcc: fatal error: no input files
compilation terminated.
configure:6547: $? = 1
configure:6536: gcc -qversion >&5
gcc: error: unrecognized command-line option '-qversion'; did you mean '--version'?
gcc: fatal error: no input files
compilation terminated.
configure:6547: $? = 1
configure:6567: checking whether the C compiler works
configure:6589: gcc    conftest.c  >&5
configure:6593: $? = 0
configure:6641: result: yes
configure:6644: checking for C compiler default output file name
configure:6646: result: a.out
configure:6652: checking for suffix of executables
configure:6659: gcc -o conftest    conftest.c  >&5
configure:6663: $? = 0
configure:6685: result: 
configure:6707: checking whether we are cross compiling
configure:6715: gcc -o conftest    conftest.c  >&5
configure:6719: $? = 0
configure:6726: ./conftest
configure:6730: $? = 0
configure:6745: result: no
configure:6750: checking for suffix of object files
configure:6772: gcc -c   conftest.c >&5
configure:6776: $? = 0
configure:6797: result: o
configure:6801: checking whether we are using the GNU C compiler
configure:6820: gcc -c   conftest.c >&5
configure:6820: $? = 0
configure:6829: result: yes
configure:6838: checking whether gcc accepts -g
configure:6858: gcc -c -g  conftest.c >&5
configure:6858: $? = 0
configure:6899: result: yes
configure:6916: checking for gcc option to accept ISO C89
configure:6979: gcc  -c   conftest.c >&5
configure:6979: $? = 0
configure:6992: result: none needed
configure:7015: WARNING: C compiler not specified with 'CC' environment variable. Using default... gcc located here:
configure:7022: checking the type of compiler we are using
configure:7040: result: Using the GCC compiler.
configure:7149: checking for CC
configure:7179: result: no
configure:7149: checking for g++
configure:7165: found /usr/bin/g++
configure:7176: result: g++
configure:7203: checking for C++ compiler version
configure:7212: g++ --version >&5
g++ (Ubuntu 11.4.0-1ubuntu1~22.04) 11.4.0
Copyright (C) 2021 Free Software Foundation, Inc.
This is free software; see the source for copying conditions.  There is NO
warranty; not even for MERCHANTABILITY or FITNESS FOR A PARTICULAR PURPOSE.

configure:7223: $? = 0
configure:7212: g++ -v >&5
Using built-in specs.
COLLECT_GCC=g++
COLLECT_LTO_WRAPPER=/usr/lib/gcc/x86_64-linux-gnu/11/lto-wrapper
OFFLOAD_TARGET_NAMES=nvptx-none:amdgcn-amdhsa
OFFLOAD_TARGET_DEFAULT=1
Target: x86_64-linux-gnu
Configured with: ../src/configure -v --with-pkgversion='Ubuntu 11.4.0-1ubuntu1~22.04' --with-bugurl=file:///usr/share/doc/gcc-11/README.Bugs --enable-languages=c,ada,c++,go,brig,d,fortran,objc,obj-c++,m2 --prefix=/usr --with-gcc-major-version-only --program-suffix=-11 --program-prefix=x86_64-linux-gnu- --enable-shared --enable-linker-build-id --libexecdir=/usr/lib --without-included-gettext --enable-threads=posix --libdir=/usr/lib --enable-nls --enable-bootstrap --enable-clocale=gnu --enable-libstdcxx-debug --enable-libstdcxx-time=yes --with-default-libstdcxx-abi=new --enable-gnu-unique-object --disable-vtable-verify --enable-plugin --enable-default-pie --with-system-zlib --enable-libphobos-checking=release --with-target-system-zlib=auto --enable-objc-gc=auto --enable-multiarch --disable-werror --enable-cet --with-arch-32=i686 --with-abi=m64 --with-multilib-list=m32,m64,mx32 --enable-multilib --with-tune=generic --enable-offload-targets=nvptx-none=/build/gcc-11-XeT9lY/gcc-11-11.4.0/debian/tmp-nvptx/usr,amdgcn-amdhsa=/build/gcc-11-XeT9lY/gcc-11-11.4.0/debian/tmp-gcn/usr --without-cuda-driver --enable-checking=release --build=x86_64-linux-gnu --host=x86_64-linux-gnu --target=x86_64-linux-gnu --with-build-config=bootstrap-lto-lean --enable-link-serialization=2
Thread model: posix
Supported LTO compression algorithms: zlib zstd
gcc version 11.4.0 (Ubuntu 11.4.0-1ubuntu1~22.04) 
... rest of stderr output deleted ...
configure:7223: $? = 0
configure:7212: g++ -V >&5
g++: error: unrecognized command-line option '-V'
g++: fatal error: no input files
compilation terminated.
configure:7223: $? = 1
configure:7212: g++ -qversion >&5
g++: error: unrecognized command-line option '-qversion'; did you mean '--version'?
g++: fatal error: no input files
compilation terminated.
configure:7223: $? = 1
configure:7227: checking whether we are using the GNU C++ compiler
configure:7246: g++ -c   conftest.cpp >&5
configure:7246: $? = 0
configure:7255: result: yes
configure:7264: checking whether g++ accepts -g
configure:7284: g++ -c -g  conftest.cpp >&5
configure:7284: $? = 0
configure:7325: result: yes
configure:7350: WARNING: C++ compiler not specified with 'CXX' environment variable.  Using default... g++ located here:
configure:7370: checking how to run the C preprocessor
configure:7401: gcc -E  conftest.c
configure:7401: $? = 0
configure:7415: gcc -E  conftest.c
conftest.c:9:10: fatal error: ac_nonexistent.h: No such file or directory
    9 | #include <ac_nonexistent.h>
      |          ^~~~~~~~~~~~~~~~~~
compilation terminated.
configure:7415: $? = 1
configure: failed program was:
| /* confdefs.h */
| #define PACKAGE_NAME "Uintah"
| #define PACKAGE_TARNAME "uintah"
| #define PACKAGE_VERSION "2.6"
| #define PACKAGE_STRING "Uintah 2.6"
| #define PACKAGE_BUGREPORT "uintah-developer@gforge.sci.utah.edu"
| #define PACKAGE_URL ""
| /* end confdefs.h.  */
| #include <ac_nonexistent.h>
configure:7440: result: gcc -E
configure:7460: gcc -E  conftest.c
configure:7460: $? = 0
configure:7474: gcc -E  conftest.c
conftest.c:9:10: fatal error: ac_nonexistent.h: No such file or directory
    9 | #include <ac_nonexistent.h>
      |          ^~~~~~~~~~~~~~~~~~
compilation terminated.
configure:7474: $? = 1
configure: failed program was:
| /* confdefs.h */
| #define PACKAGE_NAME "Uintah"
| #define PACKAGE_TARNAME "uintah"
| #define PACKAGE_VERSION "2.6"
| #define PACKAGE_STRING "Uintah 2.6"
| #define PACKAGE_BUGREPORT "uintah-developer@gforge.sci.utah.edu"
| #define PACKAGE_URL ""
| /* end confdefs.h.  */
| #include <ac_nonexistent.h>
configure:7503: checking for grep that handles long lines and -e
configure:7561: result: /usr/bin/grep
configure:7566: checking for egrep
configure:7628: result: /usr/bin/grep -E
configure:7633: checking for ANSI C header files
configure:7653: gcc -c   conftest.c >&5
configure:7653: $? = 0
configure:7726: gcc -o conftest    conftest.c  >&5
configure:7726: $? = 0
configure:7726: ./conftest
configure:7726: $? = 0
configure:7737: result: yes
configure:7750: checking for sys/types.h
configure:7750: gcc -c   conftest.c >&5
configure:7750: $? = 0
configure:7750: result: yes
configure:7750: checking for sys/stat.h
configure:7750: gcc -c   conftest.c >&5
configure:7750: $? = 0
configure:7750: result: yes
configure:7750: checking for stdlib.h
configure:7750: gcc -c   conftest.c >&5
configure:7750: $? = 0
configure:7750: result: yes
configure:7750: checking for string.h
configure:7750: gcc -c   conftest.c >&5
configure:7750: $? = 0
configure:7750: result: yes
configure:7750: checking for memory.h
configure:7750: gcc -c   conftest.c >&5
configure:7750: $? = 0
configure:7750: result: yes
configure:7750: checking for strings.h
configure:7750: gcc -c   conftest.c >&5
configure:7750: $? = 0
configure:7750: result: yes
configure:7750: checking for inttypes.h
configure:7750: gcc -c   conftest.c >&5
configure:7750: $? = 0
configure:7750: result: yes
configure:7750: checking for stdint.h
configure:7750: gcc -c   conftest.c >&5
configure:7750: $? = 0
configure:7750: result: yes
configure:7750: checking for unistd.h
configure:7750: gcc -c   conftest.c >&5
configure:7750: $? = 0
configure:7750: result: yes
configure:7766: checking size of void*
configure:7771: gcc -o conftest    conftest.c  >&5
configure:7771: $? = 0
configure:7771: ./conftest
configure:7771: $? = 0
configure:7785: result: 8
configure:7847: checking size of long long
configure:7852: gcc -o conftest    conftest.c  >&5
configure:7852: $? = 0
configure:7852: ./conftest
configure:7852: $? = 0
configure:7866: result: 8
configure:7944: checking if this is a BGQ system
configure:7955: result: no
configure:8001: checking target build word length
configure:8004: result: 64 bits
configure:8134: checking whether debug was enabled
configure:8138: result: no
configure:8156: checking whether optimize was enabled
configure:8174: result: yes (-O2) 
configure:9037: checking whether C compiler accepts -Wall
configure:9056: gcc -c   -Wall  conftest.c >&5
configure:9056: $? = 0
configure:9064: result: yes
configure:9072: checking whether C compiler accepts -Wall
configure:9099: result: yes
configure:9139: checking if special 32/64 bits flags required
configure:9158: result: no
configure:9175: checking for gcc with minimum version of 2.95.3
configure:9217: result: yes (found version: 11.4.01122.04)
configure:9303: checking for g++ with minimum version of 2.95.3
configure:9345: result: yes (found version: 11.4.01122.04)
configure:9433: checking how to run the C preprocessor
configure:9503: result: gcc -E
configure:9523: gcc -E  conftest.c
configure:9523: $? = 0
configure:9537: gcc -E  conftest.c
conftest.c:21:10: fatal error: ac_nonexistent.h: No such file or directory
   21 | #include <ac_nonexistent.h>
      |          ^~~~~~~~~~~~~~~~~~
compilation terminated.
configure:9537: $? = 1
configure: failed program was:
| /* confdefs.h */
| #define PACKAGE_NAME "Uintah"
| #define PACKAGE_TARNAME "uintah"
| #define PACKAGE_VERSION "2.6"
| #define PACKAGE_STRING "Uintah 2.6"
| #define PACKAGE_BUGREPORT "uintah-developer@gforge.sci.utah.edu"
| #define PACKAGE_URL ""
| #define STDC_HEADERS 1
| #define HAVE_SYS_TYPES_H 1
| #define HAVE_SYS_STAT_H 1
| #define HAVE_STDLIB_H 1
| #define HAVE_STRING_H 1
| #define HAVE_MEMORY_H 1
| #define HAVE_STRINGS_H 1
| #define HAVE_INTTYPES_H 1
| #define HAVE_STDINT_H 1
| #define HAVE_UNISTD_H 1
| #define SIZEOF_VOIDP 8
| #define SIZEOF_LONG_LONG 8
| /* end confdefs.h.  */
| #include <ac_nonexistent.h>
configure:9570: checking how to run the C++ preprocessor
configure:9597: g++ -E  conftest.cpp
configure:9597: $? = 0
configure:9611: g++ -E  conftest.cpp
conftest.cpp:21:10: fatal error: ac_nonexistent.h: No such file or directory
   21 | #include <ac_nonexistent.h>
      |          ^~~~~~~~~~~~~~~~~~
compilation terminated.
configure:9611: $? = 1
configure: failed program was:
| /* confdefs.h */
| #define PACKAGE_NAME "Uintah"
| #define PACKAGE_TARNAME "uintah"
| #define PACKAGE_VERSION "2.6"
| #define PACKAGE_STRING "Uintah 2.6"
| #define PACKAGE_BUGREPORT "uintah-developer@gforge.sci.utah.edu"
| #define PACKAGE_URL ""
| #define STDC_HEADERS 1
| #define HAVE_SYS_TYPES_H 1
| #define HAVE_SYS_STAT_H 1
| #define HAVE_STDLIB_H 1
| #define HAVE_STRING_H 1
| #define HAVE_MEMORY_H 1
| #define HAVE_STRINGS_H 1
| #define HAVE_INTTYPES_H 1
| #define HAVE_STDINT_H 1
| #define HAVE_UNISTD_H 1
| #define SIZEOF_VOIDP 8
| #define SIZEOF_LONG_LONG 8
| /* end confdefs.h.  */
| #include <ac_nonexistent.h>
configure:9636: result: g++ -E
configure:9656: g++ -E  conftest.cpp
configure:9656: $? = 0
configure:9670: g++ -E  conftest.cpp
conftest.cpp:21:10: fatal error: ac_nonexistent.h: No such file or directory
   21 | #include <ac_nonexistent.h>
      |          ^~~~~~~~~~~~~~~~~~
compilation terminated.
configure:9670: $? = 1
configure: failed program was:
| /* confdefs.h */
| #define PACKAGE_NAME "Uintah"
| #define PACKAGE_TARNAME "uintah"
| #define PACKAGE_VERSION "2.6"
| #define PACKAGE_STRING "Uintah 2.6"
| #define PACKAGE_BUGREPORT "uintah-developer@gforge.sci.utah.edu"
| #define PACKAGE_URL ""
| #define STDC_HEADERS 1
| #define HAVE_SYS_TYPES_H 1
| #define HAVE_SYS_STAT_H 1
| #define HAVE_STDLIB_H 1
| #define HAVE_STRING_H 1
| #define HAVE_MEMORY_H 1
| #define HAVE_STRINGS_H 1
| #define HAVE_INTTYPES_H 1
| #define HAVE_STDINT_H 1
| #define HAVE_UNISTD_H 1
| #define SIZEOF_VOIDP 8
| #define SIZEOF_LONG_LONG 8
| /* end confdefs.h.  */
| #include <ac_nonexistent.h>
configure:9700: checking for as
configure:9716: found /usr/bin/as
configure:9727: result: as
configure:9737: checking for ld
configure:9753: found /usr/bin/ld
configure:9764: result: ld
configure:9846: checking 1 - if depend mode flag '-qmakedep' works for 'g++'
configure:9856: result: no 
configure:9872: checking 1 - if depend mode flag '-MDupdate' works for 'g++'
configure:9882: result: no 
configure:9905: checking 2 - if depend mode flag '-MD' works 
configure:9962: result: yes.  Mode: normal.  Ext: d
configure:9987: checking for gmake
configure:10005: found /usr/bin/gmake
configure:10018: result: /usr/bin/gmake
configure:10118: checking for gmake with minimum version of 3.78.1
configure:10160: result: yes (found version: 4.3)
configure:10174: checking for gawk
configure:10190: found /usr/bin/gawk
configure:10201: result: gawk
configure:10215: checking for etags
configure:10245: result: no
configure:10293: checking for perl
configure:10309: found /usr/bin/perl
configure:10320: result: perl
configure:10412: checking limits.h usability
configure:10412: g++ -c -fPIC  -Wall -O2 -DNDEBUG    -w conftest.cpp >&5
configure:10412: $? = 0
configure:10412: result: yes
configure:10412: checking limits.h presence
configure:10412: g++ -E   -w conftest.cpp
configure:10412: $? = 0
configure:10412: result: yes
configure:10412: checking for limits.h
configure:10412: result: yes
configure:10412: checking sys/select.h usability
configure:10412: g++ -c -fPIC  -Wall -O2 -DNDEBUG    -w conftest.cpp >&5
configure:10412: $? = 0
configure:10412: result: yes
configure:10412: checking sys/select.h presence
configure:10412: g++ -E   -w conftest.cpp
configure:10412: $? = 0
configure:10412: result: yes
configure:10412: checking for sys/select.h
configure:10412: result: yes
configure:10412: checking for unistd.h
configure:10412: result: yes
configure:10412: checking sys/time.h usability
configure:10412: g++ -c -fPIC  -Wall -O2 -DNDEBUG    -w conftest.cpp >&5
configure:10412: $? = 0
configure:10412: result: yes
configure:10412: checking sys/time.h presence
configure:10412: g++ -E   -w conftest.cpp
configure:10412: $? = 0
configure:10412: result: yes
configure:10412: checking for sys/time.h
configure:10412: result: yes
configure:10412: checking ext/algorithm usability
configure:10412: g++ -c -fPIC  -Wall -O2 -DNDEBUG    -w conftest.cpp >&5
configure:10412: $? = 0
configure:10412: result: yes
configure:10412: checking ext/algorithm presence
configure:10412: g++ -E   -w conftest.cpp
configure:10412: $? = 0
configure:10412: result: yes
configure:10412: checking for ext/algorithm
configure:10412: result: yes
configure:10412: checking for stdint.h
configure:10412: result: yes
configure:10412: checking for inttypes.h
configure:10412: result: yes
configure:10429: checking if using a c++-11 compiler
configure:10444: g++ -c -fPIC  -Wall -O2 -DNDEBUG    -w conftest.cpp >&5
configure:10444: $? = 0
configure:10454: result: yes
configure:10465: checking whether g++ supports C++11 features by default
configure:10499: g++ -c -fPIC  -Wall -O2 -DNDEBUG    -w conftest.cpp >&5
configure:10499: $? = 0
configure:10506: result: yes
configure:10606: checking for math library
configure:10618: result: m
configure:10679: checking for math library and header (required)
configure:10881: gcc -o conftest  -fPIC  -Wall -O2 -DNDEBUG    -w   conftest.c  -lm   >&5
configure:10881: $? = 0
configure:10935: result: yes
configure:11090: checking for rt library (optional)
configure:11290: gcc -o conftest  -fPIC  -Wall -O2 -DNDEBUG    -w   conftest.c  -lrt   >&5
configure:11290: $? = 0
configure:11344: result: yes
configure:11500: checking for gcc style atomic operations  (optional)
configure:11700: gcc -o conftest  -fPIC  -Wall -O2 -DNDEBUG    -w   conftest.c    >&5
configure:11700: $? = 0
configure:11754: result: yes
configure:13417: checking for dlopen in libc (optional)
configure:13619: gcc -o conftest  -fPIC  -Wall -O2 -DNDEBUG    -w   conftest.c  -lc   >&5
configure:13619: $? = 0
configure:13673: result: yes
configure:14695: checking for sys/stat.h (optional)
configure:14897: gcc -o conftest  -fPIC  -Wall -O2 -DNDEBUG    -w   conftest.cc    >&5
configure:14897: $? = 0
configure:14951: result: yes
configure:15112: checking for standard headers (required)
configure:15312: gcc -o conftest  -fPIC  -Wall -O2 -DNDEBUG    -w   conftest.c    >&5
configure:15312: $? = 0
configure:15366: result: yes
configure:15925: checking for standard headers-2 (required)
configure:16125: gcc -o conftest  -fPIC  -Wall -O2 -DNDEBUG    -w   conftest.c    >&5
configure:16125: $? = 0
configure:16179: result: yes
configure:16344: checking for standard template library headers (required)
configure:16547: g++ -o conftest  -fPIC  -Wall -O2 -DNDEBUG    -w   conftest.cpp    >&5
configure:16547: $? = 0
configure:16601: result: yes
configure:16752: checking for specific libxml2
configure:16755: result: Not found under NOT_SET/lib
configure:16757: checking for xml2-config in your path
configure:16762: result: xml2-config found...
configure:16774: WARNING: Using /usr/lib/../bin/xml2-config to set libxml2 variables.
configure:16860: checking for xml2 library and headers (required)
configure:17121: g++ -o conftest  -I/usr/include/libxml2 -fPIC  -Wall -O2 -DNDEBUG    -w   conftest.cpp  -lxml2   >&5
configure:17121: $? = 0
configure:17175: result: yes
configure:17398: checking for zlib library and header (required)
configure:17639: g++ -o conftest  -fPIC  -Wall -O2 -DNDEBUG    -w   conftest.cpp  -lz   >&5
configure:17639: $? = 0
configure:17693: result: yes
configure:17871: checking for jpeg library (optional)
configure:18112: g++ -o conftest  -fPIC  -Wall -O2 -DNDEBUG    -w   conftest.cpp  -ljpeg   >&5
configure:18112: $? = 0
configure:18166: result: yes
configure:18329: checking for tiff library (optional)
configure:18570: g++ -o conftest  -fPIC  -Wall -O2 -DNDEBUG    -w   conftest.cpp  -ltiff  -lm  >&5
conftest.cpp:29:10: fatal error: tiff.h: No such file or directory
   29 | #include <tiff.h>
      |          ^~~~~~~~
compilation terminated.
configure:18570: $? = 1
configure: failed program was:
| /* confdefs.h */
| #define PACKAGE_NAME "Uintah"
| #define PACKAGE_TARNAME "uintah"
| #define PACKAGE_VERSION "2.6"
| #define PACKAGE_STRING "Uintah 2.6"
| #define PACKAGE_BUGREPORT "uintah-developer@gforge.sci.utah.edu"
| #define PACKAGE_URL ""
| #define STDC_HEADERS 1
| #define HAVE_SYS_TYPES_H 1
| #define HAVE_SYS_STAT_H 1
| #define HAVE_STDLIB_H 1
| #define HAVE_STRING_H 1
| #define HAVE_MEMORY_H 1
| #define HAVE_STRINGS_H 1
| #define HAVE_INTTYPES_H 1
| #define HAVE_STDINT_H 1
| #define HAVE_UNISTD_H 1
| #define SIZEOF_VOIDP 8
| #define SIZEOF_LONG_LONG 8
| #define HAVE_LIMITS_H 1
| #define HAVE_SYS_SELECT_H 1
| #define HAVE_UNISTD_H 1
| #define HAVE_SYS_TIME_H 1
| #define HAVE_EXT_ALGORITHM 1
| #define HAVE_STDINT_H 1
| #define HAVE_INTTYPES_H 1
| /* end confdefs.h.  */
| 
| #include <tiff.h>
| int
| main ()
| {
| 
|   ;
|   return 0;
| }
configure:18635: result: not found
configure:18722: checking for working exceptions
configure:18755: result: yes
configure:25857: checking for atlas version of libraries and headers (optional)
configure:26102: gcc -o conftest  -fPIC  -Wall -O2 -DNDEBUG    -w   conftest.c  -lcblas -lf77blas -latlas    >&5
/usr/bin/ld: cannot find -lcblas: No such file or directory
/usr/bin/ld: cannot find -lf77blas: No such file or directory
/usr/bin/ld: cannot find -latlas: No such file or directory
collect2: error: ld returned 1 exit status
configure:26102: $? = 1
configure: failed program was:
| /* confdefs.h */
| #define PACKAGE_NAME "Uintah"
| #define PACKAGE_TARNAME "uintah"
| #define PACKAGE_VERSION "2.6"
| #define PACKAGE_STRING "Uintah 2.6"
| #define PACKAGE_BUGREPORT "uintah-developer@gforge.sci.utah.edu"
| #define PACKAGE_URL ""
| #define STDC_HEADERS 1
| #define HAVE_SYS_TYPES_H 1
| #define HAVE_SYS_STAT_H 1
| #define HAVE_STDLIB_H 1
| #define HAVE_STRING_H 1
| #define HAVE_MEMORY_H 1
| #define HAVE_STRINGS_H 1
| #define HAVE_INTTYPES_H 1
| #define HAVE_STDINT_H 1
| #define HAVE_UNISTD_H 1
| #define SIZEOF_VOIDP 8
| #define SIZEOF_LONG_LONG 8
| #define HAVE_LIMITS_H 1
| #define HAVE_SYS_SELECT_H 1
| #define HAVE_UNISTD_H 1
| #define HAVE_SYS_TIME_H 1
| #define HAVE_EXT_ALGORITHM 1
| #define HAVE_STDINT_H 1
| #define HAVE_INTTYPES_H 1
| /* end confdefs.h.  */
| 
| #include <cblas.h>
| int
| main ()
| {
| 
|                                                                                          float x[]={0.7f};
|                                                                                          float y[]={0.8f};
|                                                                                          float test=cblas_sdsdot(1,0.0,x,1,y,-1);
| 
|   ;
|   return 0;
| }
configure:26167: result: not found
configure:27667: checking for blas and cblas libraries-1 (optional)
configure:27912: gcc -o conftest  -fPIC  -Wall -O2 -DNDEBUG    -w   conftest.c  -lcblas -lblas    >&5
/usr/bin/ld: cannot find -lcblas: No such file or directory
collect2: error: ld returned 1 exit status
configure:27912: $? = 1
configure: failed program was:
| /* confdefs.h */
| #define PACKAGE_NAME "Uintah"
| #define PACKAGE_TARNAME "uintah"
| #define PACKAGE_VERSION "2.6"
| #define PACKAGE_STRING "Uintah 2.6"
| #define PACKAGE_BUGREPORT "uintah-developer@gforge.sci.utah.edu"
| #define PACKAGE_URL ""
| #define STDC_HEADERS 1
| #define HAVE_SYS_TYPES_H 1
| #define HAVE_SYS_STAT_H 1
| #define HAVE_STDLIB_H 1
| #define HAVE_STRING_H 1
| #define HAVE_MEMORY_H 1
| #define HAVE_STRINGS_H 1
| #define HAVE_INTTYPES_H 1
| #define HAVE_STDINT_H 1
| #define HAVE_UNISTD_H 1
| #define SIZEOF_VOIDP 8
| #define SIZEOF_LONG_LONG 8
| #define HAVE_LIMITS_H 1
| #define HAVE_SYS_SELECT_H 1
| #define HAVE_UNISTD_H 1
| #define HAVE_SYS_TIME_H 1
| #define HAVE_EXT_ALGORITHM 1
| #define HAVE_STDINT_H 1
| #define HAVE_INTTYPES_H 1
| /* end confdefs.h.  */
| 
| #include <cblas.h>
| int
| main ()
| {
| 
|                                                                                 float x[]={0.7f};
|                                                                                 float y[]={0.8f};
|                                                                                 float test=cblas_sdsdot(1,0.0,x,1,y,-1);
| 
|   ;
|   return 0;
| }
configure:27977: result: not found
configure:28120: checking for blas and scs libraries-2 (optional)
configure:28365: gcc -o conftest  -fPIC  -Wall -O2 -DNDEBUG    -w   conftest.c  -lblas -lscs_mp    >&5
/usr/bin/ld: cannot find -lscs_mp: No such file or directory
collect2: error: ld returned 1 exit status
configure:28365: $? = 1
configure: failed program was:
| /* confdefs.h */
| #define PACKAGE_NAME "Uintah"
| #define PACKAGE_TARNAME "uintah"
| #define PACKAGE_VERSION "2.6"
| #define PACKAGE_STRING "Uintah 2.6"
| #define PACKAGE_BUGREPORT "uintah-developer@gforge.sci.utah.edu"
| #define PACKAGE_URL ""
| #define STDC_HEADERS 1
| #define HAVE_SYS_TYPES_H 1
| #define HAVE_SYS_STAT_H 1
| #define HAVE_STDLIB_H 1
| #define HAVE_STRING_H 1
| #define HAVE_MEMORY_H 1
| #define HAVE_STRINGS_H 1
| #define HAVE_INTTYPES_H 1
| #define HAVE_STDINT_H 1
| #define HAVE_UNISTD_H 1
| #define SIZEOF_VOIDP 8
| #define SIZEOF_LONG_LONG 8
| #define HAVE_LIMITS_H 1
| #define HAVE_SYS_SELECT_H 1
| #define HAVE_UNISTD_H 1
| #define HAVE_SYS_TIME_H 1
| #define HAVE_EXT_ALGORITHM 1
| #define HAVE_STDINT_H 1
| #define HAVE_INTTYPES_H 1
| /* end confdefs.h.  */
| 
| #include <cblas.h>
| int
| main ()
| {
| 
|                                                                          float x[]={0.7f};
|                                                                          float y[]={0.8f};
|                                                                          float test=cblas_sdsdot(1,0.0,x,1,y,-1);
| 
|   ;
|   return 0;
| }
configure:28430: result: not found
configure:28572: checking for blas and cblas libraries-2 (optional)
configure:28817: gcc -o conftest  -fPIC  -Wall -O2 -DNDEBUG    -w   conftest.c  -lblas    >&5
configure:28817: $? = 0
configure:28871: result: yes
configure:31514: checking for lapack library (optional)
configure:31714: gcc -o conftest  -fPIC  -Wall -O2 -DNDEBUG    -w   conftest.c  -llapack  -lblas    >&5
configure:31714: $? = 0
configure:31768: result: yes
configure:32379: checking for required MPI components......
configure:32568: checking for 0: mpi library and header (mpi lam util pmpi) (optional)
configure:32809: gcc -o conftest  -I/usr/lib/x86_64-linux-gnu/openmpi/include -fPIC  -Wall -O2 -DNDEBUG    -w  -Wl,-rpath -Wl,/usr/lib/x86_64-linux-gnu/openmpi/lib -L/usr/lib/x86_64-linux-gnu/openmpi/lib  conftest.c  -lmpi -llam -lutil -lpmpi -lrt   >&5
/usr/bin/ld: cannot find -llam: No such file or directory
/usr/bin/ld: cannot find -lpmpi: No such file or directory
collect2: error: ld returned 1 exit status
configure:32809: $? = 1
configure: failed program was:
| /* confdefs.h */
| #define PACKAGE_NAME "Uintah"
| #define PACKAGE_TARNAME "uintah"
| #define PACKAGE_VERSION "2.6"
| #define PACKAGE_STRING "Uintah 2.6"
| #define PACKAGE_BUGREPORT "uintah-developer@gforge.sci.utah.edu"
| #define PACKAGE_URL ""
| #define STDC_HEADERS 1
| #define HAVE_SYS_TYPES_H 1
| #define HAVE_SYS_STAT_H 1
| #define HAVE_STDLIB_H 1
| #define HAVE_STRING_H 1
| #define HAVE_MEMORY_H 1
| #define HAVE_STRINGS_H 1
| #define HAVE_INTTYPES_H 1
| #define HAVE_STDINT_H 1
| #define HAVE_UNISTD_H 1
| #define SIZEOF_VOIDP 8
| #define SIZEOF_LONG_LONG 8
| #define HAVE_LIMITS_H 1
| #define HAVE_SYS_SELECT_H 1
| #define HAVE_UNISTD_H 1
| #define HAVE_SYS_TIME_H 1
| #define HAVE_EXT_ALGORITHM 1
| #define HAVE_STDINT_H 1
| #define HAVE_INTTYPES_H 1
| /* end confdefs.h.  */
| 
| #include <mpi.h>
| int
| main ()
| {
| 
|   ;
|   return 0;
| }
configure:32874: result: not found
configure:32568: checking for 1: mpi library and header (mpi lam util ) (optional)
configure:32809: gcc -o conftest  -I/usr/lib/x86_64-linux-gnu/openmpi/include -fPIC  -Wall -O2 -DNDEBUG    -w  -Wl,-rpath -Wl,/usr/lib/x86_64-linux-gnu/openmpi/lib -L/usr/lib/x86_64-linux-gnu/openmpi/lib  conftest.c  -lmpi -llam -lutil -lrt -DMPIPP_H  >&5
/usr/bin/ld: cannot find -llam: No such file or directory
collect2: error: ld returned 1 exit status
configure:32809: $? = 1
configure: failed program was:
| /* confdefs.h */
| #define PACKAGE_NAME "Uintah"
| #define PACKAGE_TARNAME "uintah"
| #define PACKAGE_VERSION "2.6"
| #define PACKAGE_STRING "Uintah 2.6"
| #define PACKAGE_BUGREPORT "uintah-developer@gforge.sci.utah.edu"
| #define PACKAGE_URL ""
| #define STDC_HEADERS 1
| #define HAVE_SYS_TYPES_H 1
| #define HAVE_SYS_STAT_H 1
| #define HAVE_STDLIB_H 1
| #define HAVE_STRING_H 1
| #define HAVE_MEMORY_H 1
| #define HAVE_STRINGS_H 1
| #define HAVE_INTTYPES_H 1
| #define HAVE_STDINT_H 1
| #define HAVE_UNISTD_H 1
| #define SIZEOF_VOIDP 8
| #define SIZEOF_LONG_LONG 8
| #define HAVE_LIMITS_H 1
| #define HAVE_SYS_SELECT_H 1
| #define HAVE_UNISTD_H 1
| #define HAVE_SYS_TIME_H 1
| #define HAVE_EXT_ALGORITHM 1
| #define HAVE_STDINT_H 1
| #define HAVE_INTTYPES_H 1
| /* end confdefs.h.  */
| 
| #include <mpi.h>
| int
| main ()
| {
| 
|   ;
|   return 0;
| }
configure:32874: result: not found
configure:32568: checking for 2: mpi library and header (lam mpi) (optional)
configure:32809: gcc -o conftest  -I/usr/lib/x86_64-linux-gnu/openmpi/include -fPIC  -Wall -O2 -DNDEBUG    -w  -Wl,-rpath -Wl,/usr/lib/x86_64-linux-gnu/openmpi/lib -L/usr/lib/x86_64-linux-gnu/openmpi/lib  conftest.c  -llam -lmpi -lrt -DMPIPP_H  >&5
/usr/bin/ld: cannot find -llam: No such file or directory
collect2: error: ld returned 1 exit status
configure:32809: $? = 1
configure: failed program was:
| /* confdefs.h */
| #define PACKAGE_NAME "Uintah"
| #define PACKAGE_TARNAME "uintah"
| #define PACKAGE_VERSION "2.6"
| #define PACKAGE_STRING "Uintah 2.6"
| #define PACKAGE_BUGREPORT "uintah-developer@gforge.sci.utah.edu"
| #define PACKAGE_URL ""
| #define STDC_HEADERS 1
| #define HAVE_SYS_TYPES_H 1
| #define HAVE_SYS_STAT_H 1
| #define HAVE_STDLIB_H 1
| #define HAVE_STRING_H 1
| #define HAVE_MEMORY_H 1
| #define HAVE_STRINGS_H 1
| #define HAVE_INTTYPES_H 1
| #define HAVE_STDINT_H 1
| #define HAVE_UNISTD_H 1
| #define SIZEOF_VOIDP 8
| #define SIZEOF_LONG_LONG 8
| #define HAVE_LIMITS_H 1
| #define HAVE_SYS_SELECT_H 1
| #define HAVE_UNISTD_H 1
| #define HAVE_SYS_TIME_H 1
| #define HAVE_EXT_ALGORITHM 1
| #define HAVE_STDINT_H 1
| #define HAVE_INTTYPES_H 1
| /* end confdefs.h.  */
| 
| #include <mpi.h>
| int
| main ()
| {
| 
|   ;
|   return 0;
| }
configure:32874: result: not found
configure:32568: checking for 3: mpi library and header (mpi) (optional)
configure:32809: gcc -o conftest  -I/usr/lib/x86_64-linux-gnu/openmpi/include -fPIC  -Wall -O2 -DNDEBUG    -w  -Wl,-rpath -Wl,/usr/lib/x86_64-linux-gnu/openmpi/lib -L/usr/lib/x86_64-linux-gnu/openmpi/lib  conftest.c  -lmpi -lrt -DMPIPP_H  >&5
configure:32809: $? = 0
configure:32863: result: yes
configure:33461: checking if MPI uses const correctly
configure:33478: result: yes
configure:34537: WARNING: Could not find PETSc version file... Skipping.
configure:40148: checking for HYPRE libraries and headers - 1 (optional)
configure:40389: g++ -o conftest  -fPIC  -Wall -O2 -DNDEBUG    -w   conftest.cpp  -lHYPRE -lHYPRE_utilities -lHYPRE_struct_mv -lHYPRE_struct_ls -lHYPRE_sstruct_mv -lHYPRE_sstruct_ls -lHYPRE_parcsr_ls -lHYPRE_krylov -lHYPRE_parcsr_mv -Wl,-rpath -Wl,/usr/lib/x86_64-linux-gnu/openmpi/lib -L/usr/lib/x86_64-linux-gnu/openmpi/lib  -lmpi -lrt     -lblas    -lm -lc    >&5
conftest.cpp:29:10: fatal error: HYPRE.h: No such file or directory
   29 | #include <HYPRE.h>
      |          ^~~~~~~~~
compilation terminated.
configure:40389: $? = 1
configure: failed program was:
| /* confdefs.h */
| #define PACKAGE_NAME "Uintah"
| #define PACKAGE_TARNAME "uintah"
| #define PACKAGE_VERSION "2.6"
| #define PACKAGE_STRING "Uintah 2.6"
| #define PACKAGE_BUGREPORT "uintah-developer@gforge.sci.utah.edu"
| #define PACKAGE_URL ""
| #define STDC_HEADERS 1
| #define HAVE_SYS_TYPES_H 1
| #define HAVE_SYS_STAT_H 1
| #define HAVE_STDLIB_H 1
| #define HAVE_STRING_H 1
| #define HAVE_MEMORY_H 1
| #define HAVE_STRINGS_H 1
| #define HAVE_INTTYPES_H 1
| #define HAVE_STDINT_H 1
| #define HAVE_UNISTD_H 1
| #define SIZEOF_VOIDP 8
| #define SIZEOF_LONG_LONG 8
| #define HAVE_LIMITS_H 1
| #define HAVE_SYS_SELECT_H 1
| #define HAVE_UNISTD_H 1
| #define HAVE_SYS_TIME_H 1
| #define HAVE_EXT_ALGORITHM 1
| #define HAVE_STDINT_H 1
| #define HAVE_INTTYPES_H 1
| /* end confdefs.h.  */
| 
| #include <HYPRE.h>
| int
| main ()
| {
| 
|   ;
|   return 0;
| }
configure:40454: result: not found
configure:40594: checking for HYPRE libraries and headers - 2 (optional)
configure:40835: g++ -o conftest  -fPIC  -Wall -O2 -DNDEBUG    -w   conftest.cpp  -lHYPRE -Wl,-rpath -Wl,/usr/lib/x86_64-linux-gnu/openmpi/lib -L/usr/lib/x86_64-linux-gnu/openmpi/lib  -lmpi -lrt     -lblas    -lm -lc   >&5
conftest.cpp:29:10: fatal error: HYPRE.h: No such file or directory
   29 | #include <HYPRE.h>
      |          ^~~~~~~~~
compilation terminated.
configure:40835: $? = 1
configure: failed program was:
| /* confdefs.h */
| #define PACKAGE_NAME "Uintah"
| #define PACKAGE_TARNAME "uintah"
| #define PACKAGE_VERSION "2.6"
| #define PACKAGE_STRING "Uintah 2.6"
| #define PACKAGE_BUGREPORT "uintah-developer@gforge.sci.utah.edu"
| #define PACKAGE_URL ""
| #define STDC_HEADERS 1
| #define HAVE_SYS_TYPES_H 1
| #define HAVE_SYS_STAT_H 1
| #define HAVE_STDLIB_H 1
| #define HAVE_STRING_H 1
| #define HAVE_MEMORY_H 1
| #define HAVE_STRINGS_H 1
| #define HAVE_INTTYPES_H 1
| #define HAVE_STDINT_H 1
| #define HAVE_UNISTD_H 1
| #define SIZEOF_VOIDP 8
| #define SIZEOF_LONG_LONG 8
| #define HAVE_LIMITS_H 1
| #define HAVE_SYS_SELECT_H 1
| #define HAVE_UNISTD_H 1
| #define HAVE_SYS_TIME_H 1
| #define HAVE_EXT_ALGORITHM 1
| #define HAVE_STDINT_H 1
| #define HAVE_INTTYPES_H 1
| /* end confdefs.h.  */
| 
| #include <HYPRE.h>
| int
| main ()
| {
| 
|   ;
|   return 0;
| }
configure:40900: result: not found
configure:41172: creating ./config.status

## ---------------------- ##
## Running config.status. ##
## ---------------------- ##

This file was extended by Uintah config.status 2.6, which was
generated by GNU Autoconf 2.69.  Invocation command line was

  CONFIG_FILES    = 
  CONFIG_HEADERS  = 
  CONFIG_LINKS    = 
  CONFIG_COMMANDS = 
  $ ./config.status 

on DESKTOP-BDCH3KU

config.status:1049: creating configVars.mk
config.status:1049: creating Makefile
config.status:1049: creating disjointPackageMakefile
config.status:1049: creating Core/Malloc/testmem_init.h
config.status:1049: creating include/sci_defs/environment_testdefs.h
config.status:1049: creating include/sci_defs/osx_testdefs.h
config.status:1049: creating Core/Util/testEndian.h
config.status:1049: creating include/sci_defs/malloc_testdefs.h
config.status:1049: creating include/sci_defs/error_testdefs.h
config.status:1049: creating include/sci_defs/uintah_testdefs.h
config.status:1049: creating include/sci_defs/bits_testdefs.h
config.status:1049: creating include/sci_defs/compile_testdefs.h
config.status:1049: creating include/sci_defs/config_testdefs.h
config.status:1049: creating include/sci_defs/visit_testdefs.h
config.status:1049: creating include/sci_defs/stat64_testdefs.h
config.status:1049: creating include/sci_defs/ieeefp_testdefs.h
config.status:1049: creating include/sci_defs/z_testdefs.h
config.status:1049: creating include/sci_defs/blas_testdefs.h
config.status:1049: creating include/sci_defs/lapack_testdefs.h
config.status:1049: creating include/sci_defs/mpi_testdefs.h
config.status:1049: creating include/sci_defs/petsc_testdefs.h
config.status:1049: creating include/sci_defs/gperftools_testdefs.h
config.status:1049: creating include/sci_defs/kokkos_testdefs.h
config.status:1049: creating include/sci_defs/cuda_testdefs.h
config.status:1049: creating include/sci_defs/gpu_testdefs.h
config.status:1049: creating include/sci_defs/visus_testdefs.h
config.status:1049: creating include/sci_defs/pidx_testdefs.h
config.status:1049: creating include/sci_defs/boost_testdefs.h
config.status:1049: creating include/sci_defs/wasatch_testdefs.h
config.status:1049: creating include/sci_defs/hypre_testdefs.h
config.status:1049: creating include/sci_defs/config_testdefs.h
config.status:1218: executing do_stamp commands
configure:42362: WARNING: Core/Malloc/mem_init.h has changed.
configure:42362: WARNING: include/sci_defs/environment_defs.h has changed.
configure:42362: WARNING: include/sci_defs/osx_defs.h has changed.
configure:42362: WARNING: Core/Util/Endian.h has changed.
configure:42362: WARNING: include/sci_defs/malloc_defs.h has changed.
configure:42362: WARNING: include/sci_defs/error_defs.h has changed.
configure:42362: WARNING: include/sci_defs/uintah_defs.h has changed.
configure:42362: WARNING: include/sci_defs/bits_defs.h has changed.
configure:42362: WARNING: include/sci_defs/compile_defs.h has changed.
configure:42362: WARNING: include/sci_defs/config_defs.h has changed.
configure:42362: WARNING: include/sci_defs/visit_defs.h has changed.
configure:42362: WARNING: include/sci_defs/stat64_defs.h has changed.
configure:42362: WARNING: include/sci_defs/ieeefp_defs.h has changed.
configure:42362: WARNING: include/sci_defs/z_defs.h has changed.
configure:42362: WARNING: include/sci_defs/blas_defs.h has changed.
configure:42362: WARNING: include/sci_defs/lapack_defs.h has changed.
configure:42362: WARNING: include/sci_defs/mpi_defs.h has changed.
configure:42362: WARNING: include/sci_defs/petsc_defs.h has changed.
configure:42362: WARNING: include/sci_defs/gperftools_defs.h has changed.
configure:42362: WARNING: include/sci_defs/kokkos_defs.h has changed.
configure:42362: WARNING: include/sci_defs/cuda_defs.h has changed.
configure:42362: WARNING: include/sci_defs/gpu_defs.h has changed.
configure:42362: WARNING: include/sci_defs/visus_defs.h has changed.
configure:42362: WARNING: include/sci_defs/pidx_defs.h has changed.
configure:42362: WARNING: include/sci_defs/boost_defs.h has changed.
configure:42362: WARNING: include/sci_defs/wasatch_defs.h has changed.
configure:42362: WARNING: include/sci_defs/hypre_defs.h has changed.

## ---------------- ##
## Cache variables. ##
## ---------------- ##

ac_cv_build=x86_64-pc-linux-gnu
ac_cv_c_compiler_gnu=yes
ac_cv_cxx_compiler_gnu=yes
ac_cv_env_CCC_set=
ac_cv_env_CCC_value=
ac_cv_env_CC_set=
ac_cv_env_CC_value=
ac_cv_env_CFLAGS_set=
ac_cv_env_CFLAGS_value=
ac_cv_env_CPPFLAGS_set=
ac_cv_env_CPPFLAGS_value=
ac_cv_env_CPP_set=
ac_cv_env_CPP_value=
ac_cv_env_CXXCPP_set=
ac_cv_env_CXXCPP_value=
ac_cv_env_CXXFLAGS_set=
ac_cv_env_CXXFLAGS_value=
ac_cv_env_CXX_set=
ac_cv_env_CXX_value=
ac_cv_env_F77_set=
ac_cv_env_F77_value=
ac_cv_env_FFLAGS_set=
ac_cv_env_FFLAGS_value=
ac_cv_env_LDFLAGS_set=
ac_cv_env_LDFLAGS_value=
ac_cv_env_LIBS_set=
ac_cv_env_LIBS_value=
ac_cv_env_NVCC_CFLAGS_set=
ac_cv_env_NVCC_CFLAGS_value=
ac_cv_env_NVCC_CXXFLAGS_set=
ac_cv_env_NVCC_CXXFLAGS_value=
ac_cv_env_NVCC_LDFLAGS_set=
ac_cv_env_NVCC_LDFLAGS_value=
ac_cv_env_NVCC_set=
ac_cv_env_NVCC_value=
ac_cv_env_build_alias_set=
ac_cv_env_build_alias_value=
ac_cv_env_host_alias_set=
ac_cv_env_host_alias_value=
ac_cv_env_target_alias_set=
ac_cv_env_target_alias_value=
ac_cv_header_ext_algorithm=yes
ac_cv_header_inttypes_h=yes
ac_cv_header_limits_h=yes
ac_cv_header_memory_h=yes
ac_cv_header_stdc=yes
ac_cv_header_stdint_h=yes
ac_cv_header_stdlib_h=yes
ac_cv_header_string_h=yes
ac_cv_header_strings_h=yes
ac_cv_header_sys_select_h=yes
ac_cv_header_sys_stat_h=yes
ac_cv_header_sys_time_h=yes
ac_cv_header_sys_types_h=yes
ac_cv_header_unistd_h=yes
ac_cv_host=x86_64-pc-linux-gnu
ac_cv_objext=o
ac_cv_path_EGREP='/usr/bin/grep -E'
ac_cv_path_GMAKE=/usr/bin/gmake
ac_cv_path_GREP=/usr/bin/grep
ac_cv_prog_AS=as
ac_cv_prog_AWK=gawk
ac_cv_prog_CPP='gcc -E'
ac_cv_prog_CXXCPP='g++ -E'
ac_cv_prog_LD=ld
ac_cv_prog_PERL=perl
ac_cv_prog_ac_ct_CC=gcc
ac_cv_prog_ac_ct_CXX=g++
ac_cv_prog_cc_c89=
ac_cv_prog_cc_g=yes
ac_cv_prog_cxx_g=yes
ac_cv_sizeof_long_long=8
ac_cv_sizeof_voidp=8
ax_cv_check_cflags___Wall=yes
ax_cv_cxx_compile_cxx11=yes

## ----------------- ##
## Output variables. ##
## ----------------- ##

AS='as'
ASFLAGS=''
ASSERTION_LEVEL='0'
AWK='gawk'
BLAS_LIB_DIR_FLAG=''
BLAS_LIB_FLAG='-lblas'
BOOST_LIB_DIR_FLAG=''
BOOST_LIB_FLAG=''
BUILD_ARCHES='no'
BUILD_EXAMPLES='no'
BUILD_FVM='no'
BUILD_ICE='no'
BUILD_MINIMAL='no'
BUILD_MODELS_RADIATION='no'
BUILD_MPM='yes'
BUILD_PHASEFIELD='no'
BUILD_UNIT_TESTS='no'
BUILD_WASATCH='no'
CBLAS_H='cblas.h'
CC='gcc'
CC_DEPEND_EXT='d'
CC_DEPEND_MODE='normal'
CC_DEPEND_REGEN='-MD'
CFLAGS='-fPIC  -Wall -O2 -DNDEBUG '
CPP='gcc -E'
CPPFLAGS='  -w'
CUDA_LIB_DIR_FLAG=''
CUDA_LIB_FLAG=''
CXX='g++'
CXXCPP='g++ -E'
CXXFLAGS='-fPIC  -Wall -O2 -DNDEBUG '
DEBUG='no'
DEFS='-DHAVE_CONFIG_H'
DEF_ACCELERATE=''
DEF_ARCHES='#define NO_ARCHES'
DEF_BLAS='#define HAVE_BLAS 1'
DEF_BOOST=''
DEF_BOOST_FILESYSTEM_NAMESPACE_V3=''
DEF_CBLAS='#define HAVE_CBLAS 1'
DEF_CUDA=''
DEF_CXX11='#define HAVE_CXX11 1'
DEF_EXAMPLES='#define NO_EXAMPLES'
DEF_EXPRLIB=''
DEF_FORTRAN_UNDERSCORE='#define FORTRAN_UNDERSCORE_END /* Fortran disabled, but need for sci_lapack.cc. */'
DEF_FVM='#define NO_FVM'
DEF_GPERFTOOLS=''
DEF_HYPRE=''
DEF_HYPRE_VERSION_MAJOR=''
DEF_HYPRE_VERSION_MINOR=''
DEF_HYPRE_VERSION_PATCH=''
DEF_ICE='#define NO_ICE'
DEF_IEEEFP=''
DEF_KOKKOS=''
DEF_KOKKOS_USING_GPU=''
DEF_LAPACK='#define HAVE_LAPACK 1'
DEF_MALLOC='#define DISABLE_SCI_MALLOC 1'
DEF_MALLOC_LINENUMBERS=''
DEF_MALLOC_TRACE=''
DEF_MEMORY_INIT=''
DEF_MEMORY_INIT_NUMBER=''
DEF_MINIMAL=''
DEF_MODELS_RADIATION='#define NO_MODELS_RADIATION'
DEF_MPI3_ENABLED='#define UINTAH_ENABLE_MPI3 false'
DEF_MPI_CONST_WORKS='#define MPICONST const'
DEF_MPI_MAX_THREADS='#define MPI_MAX_THREADS 64'
DEF_MPM=''
DEF_NO_FORTRAN='#define NO_FORTRAN'
DEF_NSCBC=''
DEF_OSX=''
DEF_OSX_SNOW_LEOPARD_OR_LATER=''
DEF_PETSC=''
DEF_PHASEFIELD='#define NO_PHASEFIELD'
DEF_PIDX=''
DEF_POKITT=''
DEF_RADPROPS=''
DEF_RAY_SCATTER=''
DEF_SPATIALOPS=''
DEF_STAT64='#define HAVE_STAT64 1'
DEF_TABPROPS=''
DEF_UNIT_TESTS=''
DEF_VISIT=''
DEF_VISUS=''
DEF_WASATCH='#define NO_WASATCH'
DEF_Z='#define HAVE_ZLIB 1'
DEF_ZOLTAN=''
DL_LIB_DIR_FLAG=''
DL_LIB_FLAG='-lc'
ECHO_C=''
ECHO_N='-n'
ECHO_T=''
EGREP='/usr/bin/grep -E'
ETAGS=''
EXCEPTIONS_CRASH_DEF=''
EXEEXT=''
EXPRLIB_LIB_DIR_FLAG=''
EXPRLIB_LIB_FLAG=''
F77=''
F77_DEPEND_EXT='d'
F77_DEPEND_MODE='normal'
F77_DEPEND_REGEN='-MD'
FFLAGS='fortran_disabled'
FORTRAN_UNDERSCORE='// FORTRAN_UNDERSCORE not set. Fortran is disabled...'
F_LIB_DIR_FLAG=''
F_LIB_FLAG=''
G77=''
GMAKE='/usr/bin/gmake'
GPERFTOOLS_LIB_DIR_FLAG=''
GPERFTOOLS_LIB_FLAG=''
GREP='/usr/bin/grep'
HAVE_ACCELERATE='no'
HAVE_BLAS='yes'
HAVE_BOOST='no'
HAVE_CBLAS='yes'
HAVE_CUDA=''
HAVE_CXX11=''
HAVE_EXPRLIB='no'
HAVE_GPERFTOOLS=''
HAVE_HYPRE='no'
HAVE_KOKKOS=''
HAVE_LAPACK='yes'
HAVE_LAPACKMP='yes'
HAVE_MPI='yes'
HAVE_NSCBC='no'
HAVE_PETSC=''
HAVE_PIDX=''
HAVE_POKITT='no'
HAVE_RADPROPS='no'
HAVE_SPATIALOPS='no'
HAVE_TABPROPS='no'
HAVE_TIFF='no'
HAVE_VISIT=''
HAVE_VISUS=''
HYPRE_LIB_DIR_FLAG=''
HYPRE_LIB_FLAG=''
INC_BLAS_H=''
INC_BOOST_H=''
INC_CUDA_H=''
INC_EXPRLIB_H=''
INC_GPERFTOOLS_H=''
INC_HYPRE_H=''
INC_KOKKOS_H=''
INC_MALLOC_TRACE_H=''
INC_MPI_H='-I/usr/lib/x86_64-linux-gnu/openmpi/include'
INC_MPI_H_NVCC=''
INC_NSCBC_H=''
INC_PETSC_H=''
INC_PIDX_H=''
INC_POKITT_H=''
INC_RADPROPS_H=''
INC_SPATIALOPS_H=''
INC_TABPROPS_H=''
INC_VISIT_H=''
INC_VISUS_H=''
INC_XML2_H='-I/usr/include/libxml2'
INC_ZOLTAN_H=''
INC_Z_H=''
IS_BGQ=''
IS_OSX='no'
IS_STATIC_BUILD='no'
JPEG_LIB_DIR_FLAG=''
JPEG_LIB_FLAG='-ljpeg'
KOKKOS_LIB_DIR_FLAG=''
KOKKOS_LIB_FLAG=''
KOKKOS_USING_GPU=''
LAPACKMP_LIB_DIR_FLAG=''
LAPACKMP_LIB_FLAG='-llapack'
LAPACK_LIB_DIR_FLAG=''
LAPACK_LIB_FLAG='-llapack'
LARGESOS='no'
LD='ld'
LDFLAGS=''
LDRUN_PREFIX='-Wl,-rpath -Wl,'
LIBOBJS=''
LIBS=''
LONG_LONG_SWAP='SWAP_8'
LTLIBOBJS=''
MAKE='/usr/bin/gmake'
MAKE_ARCHIVES='no'
MAKE_PARALLELISM='8'
MALLOC_TRACE_LIB_DIR_FLAG=''
MALLOC_TRACE_LIB_FLAG=''
MALLOC_TRACE_LIB_MPI_FLAG=''
MPI_LIB_DIR_FLAG='-Wl,-rpath -Wl,/usr/lib/x86_64-linux-gnu/openmpi/lib -L/usr/lib/x86_64-linux-gnu/openmpi/lib '
MPI_LIB_FLAG='-lmpi -lrt '
M_LIB_DIR_FLAG=''
M_LIB_FLAG='-lm'
NBITS='64'
NEED_OSX_SYSTEMSTUBS=''
NEED_SONAME='yes'
NOPRINTDIR=''
NO_FORTRAN='yes'
NVCC=''
NVCC_CFLAGS=''
NVCC_CXXFLAGS=''
NVCC_LDFLAGS=''
NVCC_LIBS=''
OBJEXT='o'
OGL_ERR_MACRO=''
PACKAGE_BUGREPORT='uintah-developer@gforge.sci.utah.edu'
PACKAGE_NAME='Uintah'
PACKAGE_STRING='Uintah 2.6'
PACKAGE_TARNAME='uintah'
PACKAGE_URL=''
PACKAGE_VERSION='2.6'
PATH_SEPARATOR=':'
PERL='/usr/bin/perl'
PETSC_LIB_DIR_FLAG=''
PETSC_LIB_FLAG=''
PIDX_LIB_DIR_FLAG=''
PIDX_LIB_FLAG=''
POKITT_LIB_DIR_FLAG=''
POKITT_LIB_FLAG=''
RADPROPS_LIB_DIR_FLAG=''
RADPROPS_LIB_FLAG=''
REFCOUNT_IMPL='RefCounted_gcc.cc'
REPOSITORY_FLAGS=''
RT_LIB_FLAG='-lrt'
SCI_MALLOC_ON='no'
SHELL='/bin/bash'
SOFLAGS='-shared '
SO_OR_ARCHIVE_EXTENSION='so'
SPATIALOPS_LIB_DIR_FLAG=''
SPATIALOPS_LIB_FLAG=''
STATIC_BUILD_DEF=''
TABPROPS_LIB_DIR_FLAG=''
TABPROPS_LIB_FLAG=''
THROW_LEVEL='0'
TIFF_LIB_DIR_FLAG=''
TIFF_LIB_FLAG=''
VISIT_LIB_DIR_FLAG=''
VISIT_LIB_FLAG=''
VISIT_PATH=''
VISUS_LIB_DIR_FLAG=''
VISUS_LIB_FLAG=''
WOFF_STRING=''
XALAN_PATH=''
XML2_LIB_DIR_FLAG=''
XML2_LIB_FLAG='-lxml2'
ZOLTAN_LIB_DIR_FLAG=''
ZOLTAN_LIB_FLAG=''
Z_LIB_DIR_FLAG=''
Z_LIB_FLAG='-lz'
ac_ct_CC='gcc'
ac_ct_CXX='g++'
ac_ct_F77=''
bindir='${exec_prefix}/bin'
build='x86_64-pc-linux-gnu'
build_alias=''
build_cpu='x86_64'
build_os='linux-gnu'
build_vendor='pc'
datadir='${datarootdir}'
datarootdir='${prefix}/share'
docdir='${datarootdir}/doc/${PACKAGE_TARNAME}'
dvidir='${docdir}'
exec_prefix='${prefix}'
extra_cflags='-O2 -DNDEBUG '
host='x86_64-pc-linux-gnu'
host_alias=''
host_cpu='x86_64'
host_os='linux-gnu'
host_vendor='pc'
htmldir='${docdir}'
includedir='${prefix}/include'
infodir='${datarootdir}/info'
libdir='${exec_prefix}/lib'
libexecdir='${exec_prefix}/libexec'
localedir='${datarootdir}/locale'
localstatedir='${prefix}/var'
mandir='${datarootdir}/man'
oldincludedir='/usr/include'
pdfdir='${docdir}'
prefix='/usr/local'
program_transform_name='s,x,x,'
psdir='${docdir}'
sbindir='${exec_prefix}/sbin'
scirun_obj_dir='/home/jwei34/UintahDev/opt'
scirun_src_dir='/home/jwei34/UintahDev/src'
sharedstatedir='${prefix}/com'
sysconfdir='${prefix}/etc'
target_alias=''

## ----------- ##
## confdefs.h. ##
## ----------- ##

/* confdefs.h */
#define PACKAGE_NAME "Uintah"
#define PACKAGE_TARNAME "uintah"
#define PACKAGE_VERSION "2.6"
#define PACKAGE_STRING "Uintah 2.6"
#define PACKAGE_BUGREPORT "uintah-developer@gforge.sci.utah.edu"
#define PACKAGE_URL ""
#define STDC_HEADERS 1
#define HAVE_SYS_TYPES_H 1
#define HAVE_SYS_STAT_H 1
#define HAVE_STDLIB_H 1
#define HAVE_STRING_H 1
#define HAVE_MEMORY_H 1
#define HAVE_STRINGS_H 1
#define HAVE_INTTYPES_H 1
#define HAVE_STDINT_H 1
#define HAVE_UNISTD_H 1
#define SIZEOF_VOIDP 8
#define SIZEOF_LONG_LONG 8
#define HAVE_LIMITS_H 1
#define HAVE_SYS_SELECT_H 1
#define HAVE_UNISTD_H 1
#define HAVE_SYS_TIME_H 1
#define HAVE_EXT_ALGORITHM 1
#define HAVE_STDINT_H 1
#define HAVE_INTTYPES_H 1

configure: exit 0
